#
# There is insufficient memory for the Java Runtime Environment to continue.
# Native memory allocation (mmap) failed to map 30408704 bytes for committing reserved memory.
# Possible reasons:
#   The system is out of physical RAM or swap space
#   In 32 bit mode, the process size limit was hit
# Possible solutions:
#   Reduce memory load on the system
#   Increase physical memory or swap space
#   Check if swap backing store is full
#   Use 64 bit Java on a 64 bit OS
#   Decrease Java heap size (-Xmx/-Xms)
#   Decrease number of Java threads
#   Decrease Java thread stack sizes (-Xss)
#   Set larger code cache with -XX:ReservedCodeCacheSize=
# This output file may be truncated or incomplete.
#
#  Out of Memory Error (os_linux.cpp:2627), pid=1595, tid=140563861788416
#
# JRE version: Java(TM) SE Runtime Environment (8.0_91-b14) (build 1.8.0_91-b14)
# Java VM: Java HotSpot(TM) 64-Bit Server VM (25.91-b14 mixed mode linux-amd64 compressed oops)
# Failed to write core dump. Core dumps have been disabled. To enable core dumping, try "ulimit -c unlimited" before starting Java again
#

---------------  T H R E A D  ---------------

Current thread (0x00007fd7a4074000):  VMThread [stack: 0x00007fd792fcd000,0x00007fd7930ce000] [id=1615]

Stack: [0x00007fd792fcd000,0x00007fd7930ce000],  sp=0x00007fd7930cc2a0,  free space=1020k
Native frames: (J=compiled Java code, j=interpreted, Vv=VM code, C=native code)
V  [libjvm.so+0xabc18a]  VMError::report_and_die()+0x2ba
V  [libjvm.so+0x4fafeb]  report_vm_out_of_memory(char const*, int, unsigned long, VMErrorType, char const*)+0x8b
V  [libjvm.so+0x91cbb3]  os::Linux::commit_memory_impl(char*, unsigned long, bool)+0x103
V  [libjvm.so+0x91d109]  os::pd_commit_memory(char*, unsigned long, unsigned long, bool)+0x29
V  [libjvm.so+0x91740a]  os::commit_memory(char*, unsigned long, unsigned long, bool)+0x2a
V  [libjvm.so+0x98b033]  PSVirtualSpace::expand_by(unsigned long)+0x53
V  [libjvm.so+0x98c438]  PSYoungGen::resize_generation(unsigned long, unsigned long)+0xf8
V  [libjvm.so+0x98b592]  PSYoungGen::resize(unsigned long, unsigned long)+0x22
V  [libjvm.so+0x98886b]  PSScavenge::invoke_no_policy()+0xf3b
V  [libjvm.so+0x988ff1]  PSScavenge::invoke()+0x41
V  [libjvm.so+0x9408b0]  ParallelScavengeHeap::failed_mem_allocate(unsigned long)+0x70
V  [libjvm.so+0xabdba7]  VM_ParallelGCFailedAllocation::doit()+0x97
V  [libjvm.so+0xac55d5]  VM_Operation::evaluate()+0x55
V  [libjvm.so+0xac39aa]  VMThread::evaluate_operation(VM_Operation*)+0xba
V  [libjvm.so+0xac3d2e]  VMThread::loop()+0x1ce
V  [libjvm.so+0xac41a0]  VMThread::run()+0x70
V  [libjvm.so+0x91ef78]  java_start(Thread*)+0x108

VM_Operation (0x00007fd7ac1da510): ParallelGCFailedAllocation, mode: safepoint, requested by thread 0x00007fd7a400a000


---------------  P R O C E S S  ---------------

Java Threads: ( => current thread )
  0x00007fd7a40cc800 JavaThread "Service Thread" daemon [_thread_blocked, id=1648, stack(0x00007fd791f9d000,0x00007fd79209e000)]
  0x00007fd7a40b7800 JavaThread "C1 CompilerThread1" daemon [_thread_blocked, id=1641, stack(0x00007fd79209e000,0x00007fd79219f000)]
  0x00007fd7a40b4800 JavaThread "C2 CompilerThread0" daemon [_thread_blocked, id=1638, stack(0x00007fd79219f000,0x00007fd7922a0000)]
  0x00007fd7a40b3000 JavaThread "Signal Dispatcher" daemon [_thread_blocked, id=1634, stack(0x00007fd7922a0000,0x00007fd7923a1000)]
  0x00007fd7a4080000 JavaThread "Finalizer" daemon [_thread_blocked, id=1625, stack(0x00007fd792dcb000,0x00007fd792ecc000)]
  0x00007fd7a407b800 JavaThread "Reference Handler" daemon [_thread_blocked, id=1623, stack(0x00007fd792ecc000,0x00007fd792fcd000)]
  0x00007fd7a400a000 JavaThread "main" [_thread_blocked, id=1602, stack(0x00007fd7ac0dd000,0x00007fd7ac1de000)]

Other Threads:
=>0x00007fd7a4074000 VMThread [stack: 0x00007fd792fcd000,0x00007fd7930ce000] [id=1615]
  0x00007fd7a40cf800 WatcherThread [stack: 0x00007fd791e9c000,0x00007fd791f9d000] [id=1655]

VM state:at safepoint (normal execution)

VM Mutex/Monitor currently owned by a thread:  ([mutex/lock_event])
[0x00007fd7a4006640] Threads_lock - owner thread: 0x00007fd7a4074000
[0x00007fd7a4006b40] Heap_lock - owner thread: 0x00007fd7a400a000

Heap:
 PSYoungGen      total 24064K, used 1520K [0x00000000f2780000, 0x00000000f4080000, 0x0000000100000000)
  eden space 22528K, 0% used [0x00000000f2780000,0x00000000f2780000,0x00000000f3d80000)
  from space 1536K, 98% used [0x00000000f3d80000,0x00000000f3efc030,0x00000000f3f00000)
  to   space 1536K, 0% used [0x00000000f3f00000,0x00000000f3f00000,0x00000000f4080000)
 ParOldGen       total 28672K, used 11943K [0x00000000d7600000, 0x00000000d9200000, 0x00000000f2780000)
  object space 28672K, 41% used [0x00000000d7600000,0x00000000d81a9c18,0x00000000d9200000)
 Metaspace       used 19194K, capacity 19402K, committed 19712K, reserved 1064960K
  class space    used 3417K, capacity 3458K, committed 3584K, reserved 1048576K

Card table byte_map: [0x00007fd7a8d43000,0x00007fd7a8e89000] byte_map_base: 0x00007fd7a8688000

Marking Bits: (ParMarkBitMap*) 0x00007fd7ab5a6d60
 Begin Bits: [0x00007fd793bb0000, 0x00007fd7945d8000)
 End Bits:   [0x00007fd7945d8000, 0x00007fd795000000)

Polling page: 0x00007fd7ac1f5000

CodeCache: size=245760Kb used=4282Kb max_used=4282Kb free=241478Kb
 bounds [0x00007fd795000000, 0x00007fd795440000, 0x00007fd7a4000000]
 total_blobs=1568 nmethods=1185 adapters=297
 compilation: enabled

Compilation events (10 events):
Event: 49,156 Thread 0x00007fd7a40b7800 nmethod 1187 0x00007fd79541da90 code [0x00007fd79541dbe0, 0x00007fd79541dd50]
Event: 49,342 Thread 0x00007fd7a40b7800 1192       3       sun.reflect.ReflectionFactory::copyField (10 bytes)
Event: 49,422 Thread 0x00007fd7a40b7800 nmethod 1192 0x00007fd795430410 code [0x00007fd7954305a0, 0x00007fd795430968]
Event: 49,422 Thread 0x00007fd7a40b7800 1193       3       java.lang.reflect.ReflectAccess::copyField (5 bytes)
Event: 49,422 Thread 0x00007fd7a40b7800 nmethod 1193 0x00007fd795430b10 code [0x00007fd795430c80, 0x00007fd795430e88]
Event: 49,422 Thread 0x00007fd7a40b7800 1194       3       java.lang.reflect.Field::copy (76 bytes)
Event: 49,423 Thread 0x00007fd7a40b7800 nmethod 1194 0x00007fd795430f50 code [0x00007fd7954310e0, 0x00007fd795431418]
Event: 49,423 Thread 0x00007fd7a40b7800 1195       3       java.lang.reflect.Field::<init> (44 bytes)
Event: 49,435 Thread 0x00007fd7a40b7800 nmethod 1195 0x00007fd795431510 code [0x00007fd795431680, 0x00007fd795431910]
Event: 49,435 Thread 0x00007fd7a40b7800 1191       3       clojure.lang.Var::popThreadBindings (51 bytes)

GC Heap History (9 events):
Event: 9,918 GC heap before
{Heap before GC invocations=1 (full 0):
 PSYoungGen      total 12800K, used 11264K [0x00000000f2780000, 0x00000000f3580000, 0x0000000100000000)
  eden space 11264K, 100% used [0x00000000f2780000,0x00000000f3280000,0x00000000f3280000)
  from space 1536K, 0% used [0x00000000f3400000,0x00000000f3400000,0x00000000f3580000)
  to   space 1536K, 0% used [0x00000000f3280000,0x00000000f3280000,0x00000000f3400000)
 ParOldGen       total 28672K, used 0K [0x00000000d7600000, 0x00000000d9200000, 0x00000000f2780000)
  object space 28672K, 0% used [0x00000000d7600000,0x00000000d7600000,0x00000000d9200000)
 Metaspace       used 6288K, capacity 7284K, committed 7424K, reserved 1056768K
  class space    used 959K, capacity 1000K, committed 1024K, reserved 1048576K
Event: 9,962 GC heap after
Heap after GC invocations=1 (full 0):
 PSYoungGen      total 12800K, used 1520K [0x00000000f2780000, 0x00000000f3580000, 0x0000000100000000)
  eden space 11264K, 0% used [0x00000000f2780000,0x00000000f2780000,0x00000000f3280000)
  from space 1536K, 98% used [0x00000000f3280000,0x00000000f33fc030,0x00000000f3400000)
  to   space 1536K, 0% used [0x00000000f3400000,0x00000000f3400000,0x00000000f3580000)
 ParOldGen       total 28672K, used 1832K [0x00000000d7600000, 0x00000000d9200000, 0x00000000f2780000)
  object space 28672K, 6% used [0x00000000d7600000,0x00000000d77ca128,0x00000000d9200000)
 Metaspace       used 6288K, capacity 7284K, committed 7424K, reserved 1056768K
  class space    used 959K, capacity 1000K, committed 1024K, reserved 1048576K
}
Event: 15,428 GC heap before
{Heap before GC invocations=2 (full 0):
 PSYoungGen      total 12800K, used 12784K [0x00000000f2780000, 0x00000000f3580000, 0x0000000100000000)
  eden space 11264K, 100% used [0x00000000f2780000,0x00000000f3280000,0x00000000f3280000)
  from space 1536K, 98% used [0x00000000f3280000,0x00000000f33fc030,0x00000000f3400000)
  to   space 1536K, 0% used [0x00000000f3400000,0x00000000f3400000,0x00000000f3580000)
 ParOldGen       total 28672K, used 1832K [0x00000000d7600000, 0x00000000d9200000, 0x00000000f2780000)
  object space 28672K, 6% used [0x00000000d7600000,0x00000000d77ca128,0x00000000d9200000)
 Metaspace       used 9052K, capacity 9788K, committed 9984K, reserved 1056768K
  class space    used 1673K, capacity 1712K, committed 1792K, reserved 1048576K
Event: 15,553 GC heap after
Heap after GC invocations=2 (full 0):
 PSYoungGen      total 12800K, used 1504K [0x00000000f2780000, 0x00000000f4080000, 0x0000000100000000)
  eden space 11264K, 0% used [0x00000000f2780000,0x00000000f2780000,0x00000000f3280000)
  from space 1536K, 97% used [0x00000000f3400000,0x00000000f3578020,0x00000000f3580000)
  to   space 1536K, 0% used [0x00000000f3280000,0x00000000f3280000,0x00000000f3400000)
 ParOldGen       total 28672K, used 4173K [0x00000000d7600000, 0x00000000d9200000, 0x00000000f2780000)
  object space 28672K, 14% used [0x00000000d7600000,0x00000000d7a13548,0x00000000d9200000)
 Metaspace       used 9052K, capacity 9788K, committed 9984K, reserved 1056768K
  class space    used 1673K, capacity 1712K, committed 1792K, reserved 1048576K
}
Event: 19,549 GC heap before
{Heap before GC invocations=3 (full 0):
 PSYoungGen      total 12800K, used 12768K [0x00000000f2780000, 0x00000000f4080000, 0x0000000100000000)
  eden space 11264K, 100% used [0x00000000f2780000,0x00000000f3280000,0x00000000f3280000)
  from space 1536K, 97% used [0x00000000f3400000,0x00000000f3578020,0x00000000f3580000)
  to   space 1536K, 0% used [0x00000000f3280000,0x00000000f3280000,0x00000000f3400000)
 ParOldGen       total 28672K, used 4173K [0x00000000d7600000, 0x00000000d9200000, 0x00000000f2780000)
  object space 28672K, 14% used [0x00000000d7600000,0x00000000d7a13548,0x00000000d9200000)
 Metaspace       used 10984K, capacity 11324K, committed 11648K, reserved 1058816K
  class space    used 2044K, capacity 2096K, committed 2176K, reserved 1048576K
Event: 19,659 GC heap after
Heap after GC invocations=3 (full 0):
 PSYoungGen      total 12800K, used 1520K [0x00000000f2780000, 0x00000000f4080000, 0x0000000100000000)
  eden space 11264K, 0% used [0x00000000f2780000,0x00000000f2780000,0x00000000f3280000)
  from space 1536K, 98% used [0x00000000f3280000,0x00000000f33fc030,0x00000000f3400000)
  to   space 1536K, 0% used [0x00000000f3f00000,0x00000000f3f00000,0x00000000f4080000)
 ParOldGen       total 28672K, used 6091K [0x00000000d7600000, 0x00000000d9200000, 0x00000000f2780000)
  object space 28672K, 21% used [0x00000000d7600000,0x00000000d7bf2d78,0x00000000d9200000)
 Metaspace       used 10984K, capacity 11324K, committed 11648K, reserved 1058816K
  class space    used 2044K, capacity 2096K, committed 2176K, reserved 1048576K
}
Event: 24,786 GC heap before
{Heap before GC invocations=4 (full 0):
 PSYoungGen      total 12800K, used 12784K [0x00000000f2780000, 0x00000000f4080000, 0x0000000100000000)
  eden space 11264K, 100% used [0x00000000f2780000,0x00000000f3280000,0x00000000f3280000)
  from space 1536K, 98% used [0x00000000f3280000,0x00000000f33fc030,0x00000000f3400000)
  to   space 1536K, 0% used [0x00000000f3f00000,0x00000000f3f00000,0x00000000f4080000)
 ParOldGen       total 28672K, used 6091K [0x00000000d7600000, 0x00000000d9200000, 0x00000000f2780000)
  object space 28672K, 21% used [0x00000000d7600000,0x00000000d7bf2d78,0x00000000d9200000)
 Metaspace       used 15710K, capacity 15850K, committed 16000K, reserved 1062912K
  class space    used 2640K, capacity 2679K, committed 2688K, reserved 1048576K
Event: 25,095 GC heap after
Heap after GC invocations=4 (full 0):
 PSYoungGen      total 24064K, used 1504K [0x00000000f2780000, 0x00000000f4080000, 0x0000000100000000)
  eden space 22528K, 0% used [0x00000000f2780000,0x00000000f2780000,0x00000000f3d80000)
  from space 1536K, 97% used [0x00000000f3f00000,0x00000000f4078020,0x00000000f4080000)
  to   space 1536K, 0% used [0x00000000f3d80000,0x00000000f3d80000,0x00000000f3f00000)
 ParOldGen       total 28672K, used 8333K [0x00000000d7600000, 0x00000000d9200000, 0x00000000f2780000)
  object space 28672K, 29% used [0x00000000d7600000,0x00000000d7e23618,0x00000000d9200000)
 Metaspace       used 15710K, capacity 15850K, committed 16000K, reserved 1062912K
  class space    used 2640K, capacity 2679K, committed 2688K, reserved 1048576K
}
Event: 49,594 GC heap before
{Heap before GC invocations=5 (full 0):
 PSYoungGen      total 24064K, used 24032K [0x00000000f2780000, 0x00000000f4080000, 0x0000000100000000)
  eden space 22528K, 100% used [0x00000000f2780000,0x00000000f3d80000,0x00000000f3d80000)
  from space 1536K, 97% used [0x00000000f3f00000,0x00000000f4078020,0x00000000f4080000)
  to   space 1536K, 0% used [0x00000000f3d80000,0x00000000f3d80000,0x00000000f3f00000)
 ParOldGen       total 28672K, used 8333K [0x00000000d7600000, 0x00000000d9200000, 0x00000000f2780000)
  object space 28672K, 29% used [0x00000000d7600000,0x00000000d7e23618,0x00000000d9200000)
 Metaspace       used 19194K, capacity 19402K, committed 19712K, reserved 1064960K
  class space    used 3417K, capacity 3458K, committed 3584K, reserved 1048576K

Deoptimization events (10 events):
Event: 43,779 Thread 0x00007fd7a400a000 Uncommon trap: reason=unstable_if action=reinterpret pc=0x00007fd79538de34 method=clojure.lang.Util.equals(Ljava/lang/Object;Ljava/lang/Object;)Z @ 2
Event: 43,824 Thread 0x00007fd7a400a000 Uncommon trap: reason=unstable_if action=reinterpret pc=0x00007fd795298a84 method=clojure.lang.RT.first(Ljava/lang/Object;)Ljava/lang/Object; @ 4
Event: 43,824 Thread 0x00007fd7a400a000 Uncommon trap: reason=unstable_if action=reinterpret pc=0x00007fd795298e28 method=clojure.lang.RT.first(Ljava/lang/Object;)Ljava/lang/Object; @ 4
Event: 43,829 Thread 0x00007fd7a400a000 Uncommon trap: reason=unstable_if action=reinterpret pc=0x00007fd7952aad1c method=clojure.lang.PersistentHashMap$NodeSeq.create([Ljava/lang/Object;ILclojure/lang/ISeq;)Lclojure/lang/ISeq; @ 68
Event: 44,018 Thread 0x00007fd7a400a000 Uncommon trap: reason=null_check action=make_not_entrant pc=0x00007fd7953856c0 method=clojure.lang.RT.next(Ljava/lang/Object;)Lclojure/lang/ISeq; @ 1
Event: 44,106 Thread 0x00007fd7a400a000 Uncommon trap: reason=null_check action=make_not_entrant pc=0x00007fd795393330 method=clojure.lang.RT.next(Ljava/lang/Object;)Lclojure/lang/ISeq; @ 1
Event: 44,246 Thread 0x00007fd7a400a000 Uncommon trap: reason=class_check action=maybe_recompile pc=0x00007fd79529c110 method=clojure.lang.Util.hasheq(Ljava/lang/Object;)I @ 29
Event: 45,445 Thread 0x00007fd7a400a000 Uncommon trap: reason=unstable_if action=reinterpret pc=0x00007fd795395ce8 method=clojure.lang.Util.equivPred(Ljava/lang/Object;)Lclojure/lang/Util$EquivPred; @ 12
Event: 46,034 Thread 0x00007fd7a400a000 Uncommon trap: reason=class_check action=maybe_recompile pc=0x00007fd7951a8e5c method=java.lang.String.equals(Ljava/lang/Object;)Z @ 8
Event: 47,509 Thread 0x00007fd7a400a000 Uncommon trap: reason=unstable_if action=reinterpret pc=0x00007fd795312620 method=java.lang.CharacterDataLatin1.isWhitespace(I)Z @ 14

Internal exceptions (9 events):
Event: 0,380 Thread 0x00007fd7a400a000 Exception <a 'java/lang/NoSuchMethodError': Method sun.misc.Unsafe.defineClass(Ljava/lang/String;[BII)Ljava/lang/Class; name or signature does not match> (0x00000000f2787cc0) thrown at [/HUDSON/workspace/8-2-build-linux-amd64/jdk8u91/6644/hotspot/src/shar
Event: 0,380 Thread 0x00007fd7a400a000 Exception <a 'java/lang/NoSuchMethodError': Method sun.misc.Unsafe.prefetchRead(Ljava/lang/Object;J)V name or signature does not match> (0x00000000f2787fa8) thrown at [/HUDSON/workspace/8-2-build-linux-amd64/jdk8u91/6644/hotspot/src/share/vm/prims/jni.cpp
Event: 4,149 Thread 0x00007fd7a400a000 Exception <a 'java/security/PrivilegedActionException'> (0x00000000f2bc7928) thrown at [/HUDSON/workspace/8-2-build-linux-amd64/jdk8u91/6644/hotspot/src/share/vm/prims/jvm.cpp, line 1386]
Event: 4,149 Thread 0x00007fd7a400a000 Exception <a 'java/security/PrivilegedActionException'> (0x00000000f2bc7b38) thrown at [/HUDSON/workspace/8-2-build-linux-amd64/jdk8u91/6644/hotspot/src/share/vm/prims/jvm.cpp, line 1386]
Event: 4,149 Thread 0x00007fd7a400a000 Exception <a 'java/security/PrivilegedActionException'> (0x00000000f2bc9f78) thrown at [/HUDSON/workspace/8-2-build-linux-amd64/jdk8u91/6644/hotspot/src/share/vm/prims/jvm.cpp, line 1386]
Event: 4,149 Thread 0x00007fd7a400a000 Exception <a 'java/security/PrivilegedActionException'> (0x00000000f2bca188) thrown at [/HUDSON/workspace/8-2-build-linux-amd64/jdk8u91/6644/hotspot/src/share/vm/prims/jvm.cpp, line 1386]
Event: 22,178 Thread 0x00007fd7a400a000 Exception <a 'java/lang/ArrayIndexOutOfBoundsException': 18> (0x00000000f2cec910) thrown at [/HUDSON/workspace/8-2-build-linux-amd64/jdk8u91/6644/hotspot/src/share/vm/interpreter/interpreterRuntime.cpp, line 366]
Event: 44,018 Thread 0x00007fd7a400a000 Implicit null exception at 0x00007fd795383a8c to 0x00007fd7953856b5
Event: 44,106 Thread 0x00007fd7a400a000 Implicit null exception at 0x00007fd7953916ef to 0x00007fd795393325

Events (10 events):
Event: 49,076 loading class org/apache/storm/config$fn__941 done
Event: 49,145 loading class java/lang/reflect/AnnotatedType
Event: 49,157 loading class java/lang/reflect/AnnotatedType done
Event: 49,162 loading class clojure/lang/Compiler$NumberExpr
Event: 49,162 loading class clojure/lang/Compiler$NumberExpr done
Event: 49,182 loading class clojure/lang/Compiler$DefExpr
Event: 49,182 loading class clojure/lang/Compiler$DefExpr done
Event: 49,306 loading class clojure/lang/Compiler$StaticFieldExpr
Event: 49,306 loading class clojure/lang/Compiler$StaticFieldExpr done
Event: 49,470 Executing VM operation: ParallelGCFailedAllocation


Dynamic libraries:
00400000-00401000 r-xp 00000000 08:01 6298424                            /usr/lib/jvm/java-8-oracle/jre/bin/java
00600000-00601000 rw-p 00000000 08:01 6298424                            /usr/lib/jvm/java-8-oracle/jre/bin/java
01f1a000-01f3b000 rw-p 00000000 00:00 0                                  [heap]
d7600000-d9200000 rw-p 00000000 00:00 0 
d9200000-f2780000 ---p 00000000 00:00 0 
f2780000-f4080000 rw-p 00000000 00:00 0 
f5d80000-100000000 ---p 00000000 00:00 0 
100000000-100380000 rw-p 00000000 00:00 0 
100380000-140000000 ---p 00000000 00:00 0 
7fd764000000-7fd764021000 rw-p 00000000 00:00 0 
7fd764021000-7fd768000000 ---p 00000000 00:00 0 
7fd76c000000-7fd76c25d000 rw-p 00000000 00:00 0 
7fd76c25d000-7fd770000000 ---p 00000000 00:00 0 
7fd770000000-7fd770021000 rw-p 00000000 00:00 0 
7fd770021000-7fd774000000 ---p 00000000 00:00 0 
7fd774000000-7fd774021000 rw-p 00000000 00:00 0 
7fd774021000-7fd778000000 ---p 00000000 00:00 0 
7fd778000000-7fd7786fd000 rw-p 00000000 00:00 0 
7fd7786fd000-7fd77c000000 ---p 00000000 00:00 0 
7fd77c000000-7fd77c021000 rw-p 00000000 00:00 0 
7fd77c021000-7fd780000000 ---p 00000000 00:00 0 
7fd780000000-7fd780021000 rw-p 00000000 00:00 0 
7fd780021000-7fd784000000 ---p 00000000 00:00 0 
7fd784000000-7fd784021000 rw-p 00000000 00:00 0 
7fd784021000-7fd788000000 ---p 00000000 00:00 0 
7fd788000000-7fd78828f000 rw-p 00000000 00:00 0 
7fd78828f000-7fd78c000000 ---p 00000000 00:00 0 
7fd78c000000-7fd78c021000 rw-p 00000000 00:00 0 
7fd78c021000-7fd790000000 ---p 00000000 00:00 0 
7fd790dfb000-7fd790e02000 r--s 00000000 08:01 6426612                    /usr/lib/x86_64-linux-gnu/gconv/gconv-modules.cache
7fd790e02000-7fd790e24000 r--p 00000000 08:01 6951060                    /usr/share/locale-langpack/it/LC_MESSAGES/libc.mo
7fd790e24000-7fd790fe4000 rw-p 00000000 00:00 0 
7fd790fe4000-7fd791024000 ---p 00000000 00:00 0 
7fd791024000-7fd791035000 r-xp 00000000 08:01 6422901                    /usr/lib/jvm/java-8-oracle/jre/lib/amd64/libnio.so
7fd791035000-7fd791234000 ---p 00011000 08:01 6422901                    /usr/lib/jvm/java-8-oracle/jre/lib/amd64/libnio.so
7fd791234000-7fd791235000 rw-p 00010000 08:01 6422901                    /usr/lib/jvm/java-8-oracle/jre/lib/amd64/libnio.so
7fd791235000-7fd791435000 rw-p 00000000 00:00 0 
7fd791435000-7fd79144b000 r-xp 00000000 08:01 6422898                    /usr/lib/jvm/java-8-oracle/jre/lib/amd64/libnet.so
7fd79144b000-7fd79164b000 ---p 00016000 08:01 6422898                    /usr/lib/jvm/java-8-oracle/jre/lib/amd64/libnet.so
7fd79164b000-7fd79164c000 rw-p 00016000 08:01 6422898                    /usr/lib/jvm/java-8-oracle/jre/lib/amd64/libnet.so
7fd79164c000-7fd79184c000 rw-p 00000000 00:00 0 
7fd79184c000-7fd791856000 r--s 00116000 08:01 6298591                    /usr/lib/jvm/java-8-oracle/jre/lib/ext/localedata.jar
7fd791856000-7fd791872000 r--s 00393000 08:01 6298584                    /usr/lib/jvm/java-8-oracle/jre/lib/ext/cldrdata.jar
7fd791872000-7fd79187b000 r-xp 00000000 08:01 6422906                    /usr/lib/jvm/java-8-oracle/jre/lib/amd64/libmanagement.so
7fd79187b000-7fd791a7a000 ---p 00009000 08:01 6422906                    /usr/lib/jvm/java-8-oracle/jre/lib/amd64/libmanagement.so
7fd791a7a000-7fd791a7b000 rw-p 00008000 08:01 6422906                    /usr/lib/jvm/java-8-oracle/jre/lib/amd64/libmanagement.so
7fd791a7b000-7fd791c7b000 rw-p 00000000 00:00 0 
7fd791c7b000-7fd791cb4000 rw-p 00000000 00:00 0 
7fd791cb4000-7fd791e49000 r--s 0119c000 08:01 7232621                    /home/paride/apache-storm-1.0.1/lib/storm-core-1.0.1.jar
7fd791e49000-7fd791e8a000 r--s 00368000 08:01 7232627                    /home/paride/apache-storm-1.0.1/lib/clojure-1.7.0.jar
7fd791e8a000-7fd791e9c000 r--s 000b8000 08:01 7232630                    /home/paride/apache-storm-1.0.1/lib/log4j-core-2.1.jar
7fd791e9c000-7fd791e9d000 ---p 00000000 00:00 0 
7fd791e9d000-7fd791f9d000 rw-p 00000000 00:00 0 
7fd791f9d000-7fd791fa0000 ---p 00000000 00:00 0 
7fd791fa0000-7fd79209e000 rw-p 00000000 00:00 0 
7fd79209e000-7fd7920a1000 ---p 00000000 00:00 0 
7fd7920a1000-7fd79219f000 rw-p 00000000 00:00 0 
7fd79219f000-7fd7921a2000 ---p 00000000 00:00 0 
7fd7921a2000-7fd7922a0000 rw-p 00000000 00:00 0 
7fd7922a0000-7fd7922a3000 ---p 00000000 00:00 0 
7fd7922a3000-7fd7923a1000 rw-p 00000000 00:00 0 
7fd7923a1000-7fd792dcb000 r--p 00000000 08:01 6299443                    /usr/lib/locale/locale-archive
7fd792dcb000-7fd792dce000 ---p 00000000 00:00 0 
7fd792dce000-7fd792ecc000 rw-p 00000000 00:00 0 
7fd792ecc000-7fd792ecf000 ---p 00000000 00:00 0 
7fd792ecf000-7fd792fcd000 rw-p 00000000 00:00 0 
7fd792fcd000-7fd792fce000 ---p 00000000 00:00 0 
7fd792fce000-7fd7939d7000 rw-p 00000000 00:00 0 
7fd7939d7000-7fd793bb0000 r--s 03d1f000 08:01 6298528                    /usr/lib/jvm/java-8-oracle/jre/lib/rt.jar
7fd793bb0000-7fd795000000 rw-p 00000000 00:00 0 
7fd795000000-7fd795440000 rwxp 00000000 00:00 0 
7fd795440000-7fd7a4000000 ---p 00000000 00:00 0 
7fd7a4000000-7fd7a52fe000 rw-p 00000000 00:00 0 
7fd7a52fe000-7fd7a8000000 ---p 00000000 00:00 0 
7fd7a8006000-7fd7a8008000 r--s 00009000 08:01 7232626                    /home/paride/apache-storm-1.0.1/lib/objenesis-2.1.jar
7fd7a8008000-7fd7a800a000 r--s 00004000 08:01 7232633                    /home/paride/apache-storm-1.0.1/lib/log4j-over-slf4j-1.6.6.jar
7fd7a800a000-7fd7a800b000 r--s 00001000 08:01 7232625                    /home/paride/apache-storm-1.0.1/lib/minlog-1.3.0.jar
7fd7a800b000-7fd7a8044000 r--s 00228000 08:01 7232635                    /home/paride/apache-storm-1.0.1/lib/storm-rename-hack-1.0.1.jar
7fd7a8044000-7fd7a8b41000 rw-p 00000000 00:00 0 
7fd7a8b41000-7fd7a8b42000 ---p 00000000 00:00 0 
7fd7a8b42000-7fd7a8c42000 rw-p 00000000 00:00 0 
7fd7a8c42000-7fd7a8c43000 ---p 00000000 00:00 0 
7fd7a8c43000-7fd7a8d51000 rw-p 00000000 00:00 0 
7fd7a8d51000-7fd7a8e1b000 ---p 00000000 00:00 0 
7fd7a8e1b000-7fd7a8e29000 rw-p 00000000 00:00 0 
7fd7a8e29000-7fd7a8e88000 ---p 00000000 00:00 0 
7fd7a8e88000-7fd7a8e9a000 rw-p 00000000 00:00 0 
7fd7a8e9a000-7fd7a9249000 ---p 00000000 00:00 0 
7fd7a9249000-7fd7a9263000 r-xp 00000000 08:01 6422894                    /usr/lib/jvm/java-8-oracle/jre/lib/amd64/libzip.so
7fd7a9263000-7fd7a9463000 ---p 0001a000 08:01 6422894                    /usr/lib/jvm/java-8-oracle/jre/lib/amd64/libzip.so
7fd7a9463000-7fd7a9464000 rw-p 0001a000 08:01 6422894                    /usr/lib/jvm/java-8-oracle/jre/lib/amd64/libzip.so
7fd7a9464000-7fd7a946f000 r-xp 00000000 08:01 1577542                    /lib/x86_64-linux-gnu/libnss_files-2.23.so
7fd7a946f000-7fd7a966e000 ---p 0000b000 08:01 1577542                    /lib/x86_64-linux-gnu/libnss_files-2.23.so
7fd7a966e000-7fd7a966f000 r--p 0000a000 08:01 1577542                    /lib/x86_64-linux-gnu/libnss_files-2.23.so
7fd7a966f000-7fd7a9670000 rw-p 0000b000 08:01 1577542                    /lib/x86_64-linux-gnu/libnss_files-2.23.so
7fd7a9670000-7fd7a9676000 rw-p 00000000 00:00 0 
7fd7a9676000-7fd7a9681000 r-xp 00000000 08:01 1577552                    /lib/x86_64-linux-gnu/libnss_nis-2.23.so
7fd7a9681000-7fd7a9880000 ---p 0000b000 08:01 1577552                    /lib/x86_64-linux-gnu/libnss_nis-2.23.so
7fd7a9880000-7fd7a9881000 r--p 0000a000 08:01 1577552                    /lib/x86_64-linux-gnu/libnss_nis-2.23.so
7fd7a9881000-7fd7a9882000 rw-p 0000b000 08:01 1577552                    /lib/x86_64-linux-gnu/libnss_nis-2.23.so
7fd7a9882000-7fd7a9898000 r-xp 00000000 08:01 1577536                    /lib/x86_64-linux-gnu/libnsl-2.23.so
7fd7a9898000-7fd7a9a97000 ---p 00016000 08:01 1577536                    /lib/x86_64-linux-gnu/libnsl-2.23.so
7fd7a9a97000-7fd7a9a98000 r--p 00015000 08:01 1577536                    /lib/x86_64-linux-gnu/libnsl-2.23.so
7fd7a9a98000-7fd7a9a99000 rw-p 00016000 08:01 1577536                    /lib/x86_64-linux-gnu/libnsl-2.23.so
7fd7a9a99000-7fd7a9a9b000 rw-p 00000000 00:00 0 
7fd7a9a9b000-7fd7a9aa3000 r-xp 00000000 08:01 1577538                    /lib/x86_64-linux-gnu/libnss_compat-2.23.so
7fd7a9aa3000-7fd7a9ca2000 ---p 00008000 08:01 1577538                    /lib/x86_64-linux-gnu/libnss_compat-2.23.so
7fd7a9ca2000-7fd7a9ca3000 r--p 00007000 08:01 1577538                    /lib/x86_64-linux-gnu/libnss_compat-2.23.so
7fd7a9ca3000-7fd7a9ca4000 rw-p 00008000 08:01 1577538                    /lib/x86_64-linux-gnu/libnss_compat-2.23.so
7fd7a9ca4000-7fd7a9cce000 r-xp 00000000 08:01 6422889                    /usr/lib/jvm/java-8-oracle/jre/lib/amd64/libjava.so
7fd7a9cce000-7fd7a9ece000 ---p 0002a000 08:01 6422889                    /usr/lib/jvm/java-8-oracle/jre/lib/amd64/libjava.so
7fd7a9ece000-7fd7a9ed0000 rw-p 0002a000 08:01 6422889                    /usr/lib/jvm/java-8-oracle/jre/lib/amd64/libjava.so
7fd7a9ed0000-7fd7a9edd000 r-xp 00000000 08:01 6422893                    /usr/lib/jvm/java-8-oracle/jre/lib/amd64/libverify.so
7fd7a9edd000-7fd7aa0dd000 ---p 0000d000 08:01 6422893                    /usr/lib/jvm/java-8-oracle/jre/lib/amd64/libverify.so
7fd7aa0dd000-7fd7aa0df000 rw-p 0000d000 08:01 6422893                    /usr/lib/jvm/java-8-oracle/jre/lib/amd64/libverify.so
7fd7aa0df000-7fd7aa0e6000 r-xp 00000000 08:01 1577597                    /lib/x86_64-linux-gnu/librt-2.23.so
7fd7aa0e6000-7fd7aa2e5000 ---p 00007000 08:01 1577597                    /lib/x86_64-linux-gnu/librt-2.23.so
7fd7aa2e5000-7fd7aa2e6000 r--p 00006000 08:01 1577597                    /lib/x86_64-linux-gnu/librt-2.23.so
7fd7aa2e6000-7fd7aa2e7000 rw-p 00007000 08:01 1577597                    /lib/x86_64-linux-gnu/librt-2.23.so
7fd7aa2e7000-7fd7aa3ef000 r-xp 00000000 08:01 1577513                    /lib/x86_64-linux-gnu/libm-2.23.so
7fd7aa3ef000-7fd7aa5ee000 ---p 00108000 08:01 1577513                    /lib/x86_64-linux-gnu/libm-2.23.so
7fd7aa5ee000-7fd7aa5ef000 r--p 00107000 08:01 1577513                    /lib/x86_64-linux-gnu/libm-2.23.so
7fd7aa5ef000-7fd7aa5f0000 rw-p 00108000 08:01 1577513                    /lib/x86_64-linux-gnu/libm-2.23.so
7fd7aa5f0000-7fd7ab2b0000 r-xp 00000000 08:01 6422872                    /usr/lib/jvm/java-8-oracle/jre/lib/amd64/server/libjvm.so
7fd7ab2b0000-7fd7ab4b0000 ---p 00cc0000 08:01 6422872                    /usr/lib/jvm/java-8-oracle/jre/lib/amd64/server/libjvm.so
7fd7ab4b0000-7fd7ab588000 rw-p 00cc0000 08:01 6422872                    /usr/lib/jvm/java-8-oracle/jre/lib/amd64/server/libjvm.so
7fd7ab588000-7fd7ab5d3000 rw-p 00000000 00:00 0 
7fd7ab5d3000-7fd7ab793000 r-xp 00000000 08:01 1577443                    /lib/x86_64-linux-gnu/libc-2.23.so
7fd7ab793000-7fd7ab992000 ---p 001c0000 08:01 1577443                    /lib/x86_64-linux-gnu/libc-2.23.so
7fd7ab992000-7fd7ab996000 r--p 001bf000 08:01 1577443                    /lib/x86_64-linux-gnu/libc-2.23.so
7fd7ab996000-7fd7ab998000 rw-p 001c3000 08:01 1577443                    /lib/x86_64-linux-gnu/libc-2.23.so
7fd7ab998000-7fd7ab99c000 rw-p 00000000 00:00 0 
7fd7ab99c000-7fd7ab99f000 r-xp 00000000 08:01 1577467                    /lib/x86_64-linux-gnu/libdl-2.23.so
7fd7ab99f000-7fd7abb9e000 ---p 00003000 08:01 1577467                    /lib/x86_64-linux-gnu/libdl-2.23.so
7fd7abb9e000-7fd7abb9f000 r--p 00002000 08:01 1577467                    /lib/x86_64-linux-gnu/libdl-2.23.so
7fd7abb9f000-7fd7abba0000 rw-p 00003000 08:01 1577467                    /lib/x86_64-linux-gnu/libdl-2.23.so
7fd7abba0000-7fd7abbb5000 r-xp 00000000 08:01 6422867                    /usr/lib/jvm/java-8-oracle/jre/lib/amd64/jli/libjli.so
7fd7abbb5000-7fd7abdb5000 ---p 00015000 08:01 6422867                    /usr/lib/jvm/java-8-oracle/jre/lib/amd64/jli/libjli.so
7fd7abdb5000-7fd7abdb6000 rw-p 00015000 08:01 6422867                    /usr/lib/jvm/java-8-oracle/jre/lib/amd64/jli/libjli.so
7fd7abdb6000-7fd7abdce000 r-xp 00000000 08:01 1577589                    /lib/x86_64-linux-gnu/libpthread-2.23.so
7fd7abdce000-7fd7abfcd000 ---p 00018000 08:01 1577589                    /lib/x86_64-linux-gnu/libpthread-2.23.so
7fd7abfcd000-7fd7abfce000 r--p 00017000 08:01 1577589                    /lib/x86_64-linux-gnu/libpthread-2.23.so
7fd7abfce000-7fd7abfcf000 rw-p 00018000 08:01 1577589                    /lib/x86_64-linux-gnu/libpthread-2.23.so
7fd7abfcf000-7fd7abfd3000 rw-p 00000000 00:00 0 
7fd7abfd3000-7fd7abff9000 r-xp 00000000 08:01 1577415                    /lib/x86_64-linux-gnu/ld-2.23.so
7fd7abff9000-7fd7abffb000 r--s 00018000 08:01 7232634                    /home/paride/apache-storm-1.0.1/lib/servlet-api-2.5.jar
7fd7abffb000-7fd7abffe000 r--s 0001e000 08:01 7232629                    /home/paride/apache-storm-1.0.1/lib/log4j-api-2.1.jar
7fd7abffe000-7fd7ac004000 r--s 00040000 08:01 7232622                    /home/paride/apache-storm-1.0.1/lib/kryo-3.0.3.jar
7fd7ac004000-7fd7ac012000 rw-p 00000000 00:00 0 
7fd7ac012000-7fd7ac0dd000 ---p 00000000 00:00 0 
7fd7ac0dd000-7fd7ac0e0000 ---p 00000000 00:00 0 
7fd7ac0e0000-7fd7ac1e2000 rw-p 00000000 00:00 0 
7fd7ac1e2000-7fd7ac1e4000 r--s 00004000 08:01 7232631                    /home/paride/apache-storm-1.0.1/lib/log4j-slf4j-impl-2.1.jar
7fd7ac1e4000-7fd7ac1e5000 r--s 0000c000 08:01 7232624                    /home/paride/apache-storm-1.0.1/lib/asm-5.0.3.jar
7fd7ac1e5000-7fd7ac1e7000 r--s 00006000 08:01 7232632                    /home/paride/apache-storm-1.0.1/lib/slf4j-api-1.7.7.jar
7fd7ac1e7000-7fd7ac1e9000 r--s 00004000 08:01 7232623                    /home/paride/apache-storm-1.0.1/lib/reflectasm-1.10.1.jar
7fd7ac1e9000-7fd7ac1ec000 r--s 00011000 08:01 7232628                    /home/paride/apache-storm-1.0.1/lib/disruptor-3.3.2.jar
7fd7ac1ec000-7fd7ac1f4000 rw-s 00000000 08:01 4325429                    /tmp/hsperfdata_paride/1595
7fd7ac1f4000-7fd7ac1f5000 rw-p 00000000 00:00 0 
7fd7ac1f5000-7fd7ac1f6000 ---p 00000000 00:00 0 
7fd7ac1f6000-7fd7ac1f8000 rw-p 00000000 00:00 0 
7fd7ac1f8000-7fd7ac1f9000 r--p 00025000 08:01 1577415                    /lib/x86_64-linux-gnu/ld-2.23.so
7fd7ac1f9000-7fd7ac1fa000 rw-p 00026000 08:01 1577415                    /lib/x86_64-linux-gnu/ld-2.23.so
7fd7ac1fa000-7fd7ac1fb000 rw-p 00000000 00:00 0 
7ffe7ef13000-7ffe7ef34000 rw-p 00000000 00:00 0                          [stack]
7ffe7efee000-7ffe7eff0000 r--p 00000000 00:00 0                          [vvar]
7ffe7eff0000-7ffe7eff2000 r-xp 00000000 00:00 0                          [vdso]
ffffffffff600000-ffffffffff601000 r-xp 00000000 00:00 0                  [vsyscall]

VM Arguments:
jvm_args: -Dstorm.options= -Dstorm.conf.file= 
java_command: org.apache.storm.command.config_value storm.log.dir
java_class_path (initial): /home/paride/apache-storm-1.0.1/lib/disruptor-3.3.2.jar:/home/paride/apache-storm-1.0.1/lib/reflectasm-1.10.1.jar:/home/paride/apache-storm-1.0.1/lib/slf4j-api-1.7.7.jar:/home/paride/apache-storm-1.0.1/lib/kryo-3.0.3.jar:/home/paride/apache-storm-1.0.1/lib/asm-5.0.3.jar:/home/paride/apache-storm-1.0.1/lib/log4j-slf4j-impl-2.1.jar:/home/paride/apache-storm-1.0.1/lib/storm-rename-hack-1.0.1.jar:/home/paride/apache-storm-1.0.1/lib/log4j-api-2.1.jar:/home/paride/apache-storm-1.0.1/lib/log4j-core-2.1.jar:/home/paride/apache-storm-1.0.1/lib/clojure-1.7.0.jar:/home/paride/apache-storm-1.0.1/lib/storm-core-1.0.1.jar:/home/paride/apache-storm-1.0.1/lib/servlet-api-2.5.jar:/home/paride/apache-storm-1.0.1/lib/minlog-1.3.0.jar:/home/paride/apache-storm-1.0.1/lib/log4j-over-slf4j-1.6.6.jar:/home/paride/apache-storm-1.0.1/lib/objenesis-2.1.jar:/home/paride/apache-storm-1.0.1/conf
Launcher Type: SUN_STANDARD

Environment Variables:
PATH=/usr/local/sbin:/usr/local/bin:/usr/sbin:/usr/bin:/sbin:/bin:/usr/games:/usr/local/games:/snap/bin
SHELL=/bin/bash
DISPLAY=:0.0

Signal Handlers:
SIGSEGV: [libjvm.so+0xabca10], sa_mask[0]=11111111011111111101111111111110, sa_flags=SA_RESTART|SA_SIGINFO
SIGBUS: [libjvm.so+0xabca10], sa_mask[0]=11111111011111111101111111111110, sa_flags=SA_RESTART|SA_SIGINFO
SIGFPE: [libjvm.so+0x919a20], sa_mask[0]=11111111011111111101111111111110, sa_flags=SA_RESTART|SA_SIGINFO
SIGPIPE: [libjvm.so+0x919a20], sa_mask[0]=11111111011111111101111111111110, sa_flags=SA_RESTART|SA_SIGINFO
SIGXFSZ: [libjvm.so+0x919a20], sa_mask[0]=11111111011111111101111111111110, sa_flags=SA_RESTART|SA_SIGINFO
SIGILL: [libjvm.so+0x919a20], sa_mask[0]=11111111011111111101111111111110, sa_flags=SA_RESTART|SA_SIGINFO
SIGUSR1: SIG_DFL, sa_mask[0]=00000000000000000000000000000000, sa_flags=none
SIGUSR2: [libjvm.so+0x91b050], sa_mask[0]=00100000000000000000000000000000, sa_flags=SA_RESTART|SA_SIGINFO
SIGHUP: [libjvm.so+0x91c450], sa_mask[0]=11111111011111111101111111111110, sa_flags=SA_RESTART|SA_SIGINFO
SIGINT: [libjvm.so+0x91c450], sa_mask[0]=11111111011111111101111111111110, sa_flags=SA_RESTART|SA_SIGINFO
SIGTERM: [libjvm.so+0x91c450], sa_mask[0]=11111111011111111101111111111110, sa_flags=SA_RESTART|SA_SIGINFO
SIGQUIT: [libjvm.so+0x91c450], sa_mask[0]=11111111011111111101111111111110, sa_flags=SA_RESTART|SA_SIGINFO


---------------  S Y S T E M  ---------------

OS:DISTRIB_ID=Ubuntu
DISTRIB_RELEASE=16.04
DISTRIB_CODENAME=xenial
DISTRIB_DESCRIPTION="Ubuntu 16.04 LTS"

uname:Linux 4.4.0-28-generic #47-Ubuntu SMP Fri Jun 24 10:09:13 UTC 2016 x86_64
libc:glibc 2.23 NPTL 2.23 
rlimit: STACK 8192k, CORE 0k, NPROC 10233, NOFILE 65536, AS infinity
load average:18,11 10,24 7,72

/proc/meminfo:
MemTotal:        2658676 kB
MemFree:           66524 kB
MemAvailable:      28980 kB
Buffers:            2900 kB
Cached:            50140 kB
SwapCached:         5328 kB
Active:          1910188 kB
Inactive:         529784 kB
Active(anon):    1902304 kB
Inactive(anon):   485248 kB
Active(file):       7884 kB
Inactive(file):    44536 kB
Unevictable:           0 kB
Mlocked:               0 kB
SwapTotal:       3448828 kB
SwapFree:            792 kB
Dirty:               420 kB
Writeback:             0 kB
AnonPages:       2381840 kB
Mapped:            36568 kB
Shmem:               496 kB
Slab:              57744 kB
SReclaimable:      27976 kB
SUnreclaim:        29768 kB
KernelStack:       14912 kB
PageTables:        42452 kB
NFS_Unstable:          0 kB
Bounce:                0 kB
WritebackTmp:          0 kB
CommitLimit:     4778164 kB
Committed_AS:   11057424 kB
VmallocTotal:   34359738367 kB
VmallocUsed:           0 kB
VmallocChunk:          0 kB
HardwareCorrupted:     0 kB
AnonHugePages:    657408 kB
CmaTotal:              0 kB
CmaFree:               0 kB
HugePages_Total:       0
HugePages_Free:        0
HugePages_Rsvd:        0
HugePages_Surp:        0
Hugepagesize:       2048 kB
DirectMap4k:      116672 kB
DirectMap2M:     2600960 kB


CPU:total 2 (2 cores per cpu, 1 threads per core) family 6 model 37 stepping 5, cmov, cx8, fxsr, mmx, sse, sse2, sse3, ssse3, sse4.1, sse4.2, popcnt, aes, clmul, tsc, tscinvbit

/proc/cpuinfo:
processor	: 0
vendor_id	: GenuineIntel
cpu family	: 6
model		: 37
model name	: Intel(R) Core(TM) i7 CPU       M 620  @ 2.67GHz
stepping	: 5
microcode	: 0x616
cpu MHz		: 2659.966
cache size	: 4096 KB
physical id	: 0
siblings	: 2
core id		: 0
cpu cores	: 2
apicid		: 0
initial apicid	: 0
fpu		: yes
fpu_exception	: yes
cpuid level	: 11
wp		: yes
flags		: fpu vme de pse tsc msr pae mce cx8 apic sep mtrr pge mca cmov pat pse36 clflush mmx fxsr sse sse2 ht syscall nx rdtscp lm constant_tsc rep_good nopl xtopology nonstop_tsc pni pclmulqdq ssse3 cx16 sse4_1 sse4_2 popcnt aes hypervisor lahf_lm
bugs		:
bogomips	: 5319.93
clflush size	: 64
cache_alignment	: 64
address sizes	: 36 bits physical, 48 bits virtual
power management:

processor	: 1
vendor_id	: GenuineIntel
cpu family	: 6
model		: 37
model name	: Intel(R) Core(TM) i7 CPU       M 620  @ 2.67GHz
stepping	: 5
microcode	: 0x616
cpu MHz		: 2659.966
cache size	: 4096 KB
physical id	: 0
siblings	: 2
core id		: 1
cpu cores	: 2
apicid		: 1
initial apicid	: 1
fpu		: yes
fpu_exception	: yes
cpuid level	: 11
wp		: yes
flags		: fpu vme de pse tsc msr pae mce cx8 apic sep mtrr pge mca cmov pat pse36 clflush mmx fxsr sse sse2 ht syscall nx rdtscp lm constant_tsc rep_good nopl xtopology nonstop_tsc pni pclmulqdq ssse3 cx16 sse4_1 sse4_2 popcnt aes hypervisor lahf_lm
bugs		:
bogomips	: 5319.93
clflush size	: 64
cache_alignment	: 64
address sizes	: 36 bits physical, 48 bits virtual
power management:



Memory: 4k page, physical 2658676k(66400k free), swap 3448828k(792k free)

vm_info: Java HotSpot(TM) 64-Bit Server VM (25.91-b14) for linux-amd64 JRE (1.8.0_91-b14), built on Apr  1 2016 00:57:21 by "java_re" with gcc 4.3.0 20080428 (Red Hat 4.3.0-8)

time: Sun Jul 17 16:20:24 2016
elapsed time: 55 seconds (0d 0h 0m 55s)

