#
# There is insufficient memory for the Java Runtime Environment to continue.
# Native memory allocation (mmap) failed to map 23068672 bytes for committing reserved memory.
# Possible reasons:
#   The system is out of physical RAM or swap space
#   In 32 bit mode, the process size limit was hit
# Possible solutions:
#   Reduce memory load on the system
#   Increase physical memory or swap space
#   Check if swap backing store is full
#   Use 64 bit Java on a 64 bit OS
#   Decrease Java heap size (-Xmx/-Xms)
#   Decrease number of Java threads
#   Decrease Java thread stack sizes (-Xss)
#   Set larger code cache with -XX:ReservedCodeCacheSize=
# This output file may be truncated or incomplete.
#
#  Out of Memory Error (os_linux.cpp:2627), pid=18006, tid=140416564291328
#
# JRE version: Java(TM) SE Runtime Environment (8.0_91-b14) (build 1.8.0_91-b14)
# Java VM: Java HotSpot(TM) 64-Bit Server VM (25.91-b14 mixed mode linux-amd64 compressed oops)
# Failed to write core dump. Core dumps have been disabled. To enable core dumping, try "ulimit -c unlimited" before starting Java again
#

---------------  T H R E A D  ---------------

Current thread (0x00007fb55c074000):  VMThread [stack: 0x00007fb5475f6000,0x00007fb5476f7000] [id=18011]

Stack: [0x00007fb5475f6000,0x00007fb5476f7000],  sp=0x00007fb5476f5120,  free space=1020k
Native frames: (J=compiled Java code, j=interpreted, Vv=VM code, C=native code)
V  [libjvm.so+0xabc18a]  VMError::report_and_die()+0x2ba
V  [libjvm.so+0x4fafeb]  report_vm_out_of_memory(char const*, int, unsigned long, VMErrorType, char const*)+0x8b
V  [libjvm.so+0x91cbb3]  os::Linux::commit_memory_impl(char*, unsigned long, bool)+0x103
V  [libjvm.so+0x91d109]  os::pd_commit_memory(char*, unsigned long, unsigned long, bool)+0x29
V  [libjvm.so+0x91740a]  os::commit_memory(char*, unsigned long, unsigned long, bool)+0x2a
V  [libjvm.so+0x98b033]  PSVirtualSpace::expand_by(unsigned long)+0x53
V  [libjvm.so+0x98c438]  PSYoungGen::resize_generation(unsigned long, unsigned long)+0xf8
V  [libjvm.so+0x98b592]  PSYoungGen::resize(unsigned long, unsigned long)+0x22
V  [libjvm.so+0x98886b]  PSScavenge::invoke_no_policy()+0xf3b
V  [libjvm.so+0x988ff1]  PSScavenge::invoke()+0x41
V  [libjvm.so+0x9408b0]  ParallelScavengeHeap::failed_mem_allocate(unsigned long)+0x70
V  [libjvm.so+0xabdba7]  VM_ParallelGCFailedAllocation::doit()+0x97
V  [libjvm.so+0xac55d5]  VM_Operation::evaluate()+0x55
V  [libjvm.so+0xac39aa]  VMThread::evaluate_operation(VM_Operation*)+0xba
V  [libjvm.so+0xac3d2e]  VMThread::loop()+0x1ce
V  [libjvm.so+0xac41a0]  VMThread::run()+0x70
V  [libjvm.so+0x91ef78]  java_start(Thread*)+0x108

VM_Operation (0x00007fb5633be5e0): ParallelGCFailedAllocation, mode: safepoint, requested by thread 0x00007fb55c00a000


---------------  P R O C E S S  ---------------

Java Threads: ( => current thread )
  0x00007fb55c0ba800 JavaThread "Service Thread" daemon [_thread_blocked, id=18064, stack(0x00007fb5465c6000,0x00007fb5466c7000)]
  0x00007fb55c0b7800 JavaThread "C1 CompilerThread1" daemon [_thread_blocked, id=18051, stack(0x00007fb5466c7000,0x00007fb5467c8000)]
  0x00007fb55c0b4800 JavaThread "C2 CompilerThread0" daemon [_thread_blocked, id=18046, stack(0x00007fb5467c8000,0x00007fb5468c9000)]
  0x00007fb55c0b3000 JavaThread "Signal Dispatcher" daemon [_thread_blocked, id=18039, stack(0x00007fb5468c9000,0x00007fb5469ca000)]
  0x00007fb55c080000 JavaThread "Finalizer" daemon [_thread_blocked, id=18020, stack(0x00007fb5473f4000,0x00007fb5474f5000)]
  0x00007fb55c07b800 JavaThread "Reference Handler" daemon [_thread_blocked, id=18014, stack(0x00007fb5474f5000,0x00007fb5475f6000)]
  0x00007fb55c00a000 JavaThread "main" [_thread_blocked, id=18007, stack(0x00007fb5632c3000,0x00007fb5633c4000)]

Other Threads:
=>0x00007fb55c074000 VMThread [stack: 0x00007fb5475f6000,0x00007fb5476f7000] [id=18011]
  0x00007fb55c0bd000 WatcherThread [stack: 0x00007fb5464c5000,0x00007fb5465c6000] [id=18072]

VM state:at safepoint (normal execution)

VM Mutex/Monitor currently owned by a thread:  ([mutex/lock_event])
[0x00007fb55c006640] Threads_lock - owner thread: 0x00007fb55c074000
[0x00007fb55c006b40] Heap_lock - owner thread: 0x00007fb55c00a000

Heap:
 PSYoungGen      total 24064K, used 1521K [0x00000000f2780000, 0x00000000f4080000, 0x0000000100000000)
  eden space 22528K, 0% used [0x00000000f2780000,0x00000000f2780000,0x00000000f3d80000)
  from space 1536K, 99% used [0x00000000f3d80000,0x00000000f3efc480,0x00000000f3f00000)
  to   space 1536K, 0% used [0x00000000f3f00000,0x00000000f3f00000,0x00000000f4080000)
 ParOldGen       total 28672K, used 8262K [0x00000000d7600000, 0x00000000d9200000, 0x00000000f2780000)
  object space 28672K, 28% used [0x00000000d7600000,0x00000000d7e11908,0x00000000d9200000)
 Metaspace       used 15708K, capacity 15850K, committed 16000K, reserved 1062912K
  class space    used 2640K, capacity 2679K, committed 2688K, reserved 1048576K

Card table byte_map: [0x00007fb54ceba000,0x00007fb54d000000] byte_map_base: 0x00007fb54c7ff000

Marking Bits: (ParMarkBitMap*) 0x00007fb56278cd60
 Begin Bits: [0x00007fb543868000, 0x00007fb544290000)
 End Bits:   [0x00007fb544290000, 0x00007fb544cb8000)

Polling page: 0x00007fb5633db000

CodeCache: size=245760Kb used=3443Kb max_used=3497Kb free=242316Kb
 bounds [0x00007fb54d000000, 0x00007fb54d370000, 0x00007fb55c000000]
 total_blobs=1311 nmethods=936 adapters=289
 compilation: enabled

Compilation events (10 events):
Event: 175,090 Thread 0x00007fb55c0b4800 nmethod 1000 0x00007fb54d1156d0 code [0x00007fb54d115820, 0x00007fb54d115878]
Event: 175,327 Thread 0x00007fb55c0b4800 1001       4       clojure.lang.PersistentHashMap$BitmapIndexedNode::assoc (477 bytes)
Event: 175,689 Thread 0x00007fb55c0b7800 1004       3       clojure.lang.PersistentHashMap$ArrayNode::nodeSeq (8 bytes)
Event: 175,690 Thread 0x00007fb55c0b7800 nmethod 1004 0x00007fb54d116250 code [0x00007fb54d1163c0, 0x00007fb54d1165c8]
Event: 175,691 Thread 0x00007fb55c0b7800 1005       3       clojure.lang.PersistentHashMap$ArrayNode$Seq::create (8 bytes)
Event: 175,691 Thread 0x00007fb55c0b7800 nmethod 1005 0x00007fb54d115ed0 code [0x00007fb54d116040, 0x00007fb54d1161c8]
Event: 176,555 Thread 0x00007fb55c0b7800 1007       2       clojure.lang.RT::seq (32 bytes)
Event: 176,567 Thread 0x00007fb55c0b7800 nmethod 1007 0x00007fb54d12ced0 code [0x00007fb54d12d060, 0x00007fb54d12d2d8]
Event: 181,843 Thread 0x00007fb55c0b7800 1008       3       clojure.lang.PersistentVector::tailoff (22 bytes)
Event: 181,844 Thread 0x00007fb55c0b7800 nmethod 1008 0x00007fb54d12cb10 code [0x00007fb54d12cc80, 0x00007fb54d12ce30]

GC Heap History (5 events):
Event: 43,499 GC heap before
{Heap before GC invocations=1 (full 0):
 PSYoungGen      total 12800K, used 11264K [0x00000000f2780000, 0x00000000f3580000, 0x0000000100000000)
  eden space 11264K, 100% used [0x00000000f2780000,0x00000000f3280000,0x00000000f3280000)
  from space 1536K, 0% used [0x00000000f3400000,0x00000000f3400000,0x00000000f3580000)
  to   space 1536K, 0% used [0x00000000f3280000,0x00000000f3280000,0x00000000f3400000)
 ParOldGen       total 28672K, used 0K [0x00000000d7600000, 0x00000000d9200000, 0x00000000f2780000)
  object space 28672K, 0% used [0x00000000d7600000,0x00000000d7600000,0x00000000d9200000)
 Metaspace       used 6287K, capacity 7284K, committed 7424K, reserved 1056768K
  class space    used 959K, capacity 1000K, committed 1024K, reserved 1048576K
Event: 44,186 GC heap after
Heap after GC invocations=1 (full 0):
 PSYoungGen      total 12800K, used 1520K [0x00000000f2780000, 0x00000000f4080000, 0x0000000100000000)
  eden space 11264K, 0% used [0x00000000f2780000,0x00000000f2780000,0x00000000f3280000)
  from space 1536K, 98% used [0x00000000f3280000,0x00000000f33fc010,0x00000000f3400000)
  to   space 1536K, 0% used [0x00000000f3f00000,0x00000000f3f00000,0x00000000f4080000)
 ParOldGen       total 28672K, used 1812K [0x00000000d7600000, 0x00000000d9200000, 0x00000000f2780000)
  object space 28672K, 6% used [0x00000000d7600000,0x00000000d77c5118,0x00000000d9200000)
 Metaspace       used 6287K, capacity 7284K, committed 7424K, reserved 1056768K
  class space    used 959K, capacity 1000K, committed 1024K, reserved 1048576K
}
Event: 86,262 GC heap before
{Heap before GC invocations=2 (full 0):
 PSYoungGen      total 12800K, used 12784K [0x00000000f2780000, 0x00000000f4080000, 0x0000000100000000)
  eden space 11264K, 100% used [0x00000000f2780000,0x00000000f3280000,0x00000000f3280000)
  from space 1536K, 98% used [0x00000000f3280000,0x00000000f33fc010,0x00000000f3400000)
  to   space 1536K, 0% used [0x00000000f3f00000,0x00000000f3f00000,0x00000000f4080000)
 ParOldGen       total 28672K, used 1812K [0x00000000d7600000, 0x00000000d9200000, 0x00000000f2780000)
  object space 28672K, 6% used [0x00000000d7600000,0x00000000d77c5118,0x00000000d9200000)
 Metaspace       used 9061K, capacity 9788K, committed 9984K, reserved 1056768K
  class space    used 1673K, capacity 1712K, committed 1792K, reserved 1048576K
Event: 86,691 GC heap after
Heap after GC invocations=2 (full 0):
 PSYoungGen      total 24064K, used 1520K [0x00000000f2780000, 0x00000000f4080000, 0x0000000100000000)
  eden space 22528K, 0% used [0x00000000f2780000,0x00000000f2780000,0x00000000f3d80000)
  from space 1536K, 98% used [0x00000000f3f00000,0x00000000f407c030,0x00000000f4080000)
  to   space 1536K, 0% used [0x00000000f3d80000,0x00000000f3d80000,0x00000000f3f00000)
 ParOldGen       total 28672K, used 4112K [0x00000000d7600000, 0x00000000d9200000, 0x00000000f2780000)
  object space 28672K, 14% used [0x00000000d7600000,0x00000000d7a043a8,0x00000000d9200000)
 Metaspace       used 9061K, capacity 9788K, committed 9984K, reserved 1056768K
  class space    used 1673K, capacity 1712K, committed 1792K, reserved 1048576K
}
Event: 186,431 GC heap before
{Heap before GC invocations=3 (full 0):
 PSYoungGen      total 24064K, used 24048K [0x00000000f2780000, 0x00000000f4080000, 0x0000000100000000)
  eden space 22528K, 100% used [0x00000000f2780000,0x00000000f3d80000,0x00000000f3d80000)
  from space 1536K, 98% used [0x00000000f3f00000,0x00000000f407c030,0x00000000f4080000)
  to   space 1536K, 0% used [0x00000000f3d80000,0x00000000f3d80000,0x00000000f3f00000)
 ParOldGen       total 28672K, used 4112K [0x00000000d7600000, 0x00000000d9200000, 0x00000000f2780000)
  object space 28672K, 14% used [0x00000000d7600000,0x00000000d7a043a8,0x00000000d9200000)
 Metaspace       used 15708K, capacity 15850K, committed 16000K, reserved 1062912K
  class space    used 2640K, capacity 2679K, committed 2688K, reserved 1048576K

Deoptimization events (10 events):
Event: 117,120 Thread 0x00007fb55c00a000 Uncommon trap: reason=class_check action=maybe_recompile pc=0x00007fb54d27f1ec method=sun.misc.URLClassPath.getResource(Ljava/lang/String;Z)Lsun/misc/Resource; @ 62
Event: 118,723 Thread 0x00007fb55c00a000 Uncommon trap: reason=unstable_if action=reinterpret pc=0x00007fb54d10a420 method=java.util.HashMap.getNode(ILjava/lang/Object;)Ljava/util/HashMap$Node; @ 116
Event: 130,349 Thread 0x00007fb55c00a000 Uncommon trap: reason=unstable_if action=reinterpret pc=0x00007fb54d285f40 method=java.lang.String.indexOf(II)I @ 49
Event: 130,390 Thread 0x00007fb55c00a000 Uncommon trap: reason=unstable_if action=reinterpret pc=0x00007fb54d140c44 method=java.lang.String.indexOf(II)I @ 49
Event: 131,497 Thread 0x00007fb55c00a000 Uncommon trap: reason=unstable_if action=reinterpret pc=0x00007fb54d2d9a5c method=sun.misc.MetaIndex.mayContain(Ljava/lang/String;)Z @ 38
Event: 131,646 Thread 0x00007fb55c00a000 Uncommon trap: reason=unstable_if action=reinterpret pc=0x00007fb54d1d704c method=sun.misc.MetaIndex.mayContain(Ljava/lang/String;)Z @ 38
Event: 154,266 Thread 0x00007fb55c00a000 Uncommon trap: reason=range_check action=make_not_entrant pc=0x00007fb54d2fcfc0 method=sun.reflect.generics.parser.SignatureParser.current()C @ 34
Event: 155,037 Thread 0x00007fb55c00a000 Uncommon trap: reason=unstable_if action=reinterpret pc=0x00007fb54d2e69b0 method=java.util.HashMap.getNode(ILjava/lang/Object;)Ljava/util/HashMap$Node; @ 129
Event: 161,102 Thread 0x00007fb55c00a000 Uncommon trap: reason=unstable_if action=reinterpret pc=0x00007fb54d200748 method=java.lang.String.indexOf([CII[CIII)I @ 3
Event: 165,127 Thread 0x00007fb55c00a000 Uncommon trap: reason=class_check action=maybe_recompile pc=0x00007fb54d334350 method=java.util.HashMap.putVal(ILjava/lang/Object;Ljava/lang/Object;ZZ)Ljava/lang/Object; @ 203

Internal exceptions (10 events):
Event: 0,087 Thread 0x00007fb55c00a000 Exception <a 'java/lang/NoSuchMethodError': Method sun.misc.Unsafe.prefetchRead(Ljava/lang/Object;J)V name or signature does not match> (0x00000000f2787fa8) thrown at [/HUDSON/workspace/8-2-build-linux-amd64/jdk8u91/6644/hotspot/src/share/vm/prims/jni.cpp
Event: 4,734 Thread 0x00007fb55c00a000 Exception <a 'java/security/PrivilegedActionException'> (0x00000000f2bc7730) thrown at [/HUDSON/workspace/8-2-build-linux-amd64/jdk8u91/6644/hotspot/src/share/vm/prims/jvm.cpp, line 1386]
Event: 4,734 Thread 0x00007fb55c00a000 Exception <a 'java/security/PrivilegedActionException'> (0x00000000f2bc7940) thrown at [/HUDSON/workspace/8-2-build-linux-amd64/jdk8u91/6644/hotspot/src/share/vm/prims/jvm.cpp, line 1386]
Event: 4,734 Thread 0x00007fb55c00a000 Exception <a 'java/security/PrivilegedActionException'> (0x00000000f2bc9d80) thrown at [/HUDSON/workspace/8-2-build-linux-amd64/jdk8u91/6644/hotspot/src/share/vm/prims/jvm.cpp, line 1386]
Event: 4,734 Thread 0x00007fb55c00a000 Exception <a 'java/security/PrivilegedActionException'> (0x00000000f2bc9f90) thrown at [/HUDSON/workspace/8-2-build-linux-amd64/jdk8u91/6644/hotspot/src/share/vm/prims/jvm.cpp, line 1386]
Event: 96,753 Thread 0x00007fb55c00a000 Implicit null exception at 0x00007fb54d29fb18 to 0x00007fb54d29fdfa
Event: 102,740 Thread 0x00007fb55c00a000 Implicit null exception at 0x00007fb54d2810f3 to 0x00007fb54d2812e3
Event: 104,647 Thread 0x00007fb55c00a000 Implicit null exception at 0x00007fb54d2b0f50 to 0x00007fb54d2b1119
Event: 104,662 Thread 0x00007fb55c00a000 Implicit null exception at 0x00007fb54d2b0f50 to 0x00007fb54d2b1119
Event: 154,266 Thread 0x00007fb55c00a000 Exception <a 'java/lang/ArrayIndexOutOfBoundsException': 18> (0x00000000f3827878) thrown at [/HUDSON/workspace/8-2-build-linux-amd64/jdk8u91/6644/hotspot/src/share/vm/interpreter/interpreterRuntime.cpp, line 366]

Events (10 events):
Event: 179,197 loading class org/apache/storm/shade/org/apache/commons/io/FileUtils done
Event: 182,902 loading class org/apache/storm/log__init
Event: 182,902 loading class org/apache/storm/log__init done
Event: 183,041 loading class org/apache/storm/log$loading__5340__auto____74
Event: 183,041 loading class org/apache/storm/log$loading__5340__auto____74 done
Event: 184,246 loading class org/apache/storm/shade/clojure/tools/logging__init
Event: 184,246 loading class org/apache/storm/shade/clojure/tools/logging__init done
Event: 186,161 loading class org/apache/storm/shade/clojure/tools/logging$loading__5340__auto____76
Event: 186,161 loading class org/apache/storm/shade/clojure/tools/logging$loading__5340__auto____76 done
Event: 186,427 Executing VM operation: ParallelGCFailedAllocation


Dynamic libraries:
00400000-00401000 r-xp 00000000 08:01 6298424                            /usr/lib/jvm/java-8-oracle/jre/bin/java
00600000-00601000 rw-p 00000000 08:01 6298424                            /usr/lib/jvm/java-8-oracle/jre/bin/java
015a9000-015ca000 rw-p 00000000 00:00 0                                  [heap]
d7600000-d9200000 rw-p 00000000 00:00 0 
d9200000-f2780000 ---p 00000000 00:00 0 
f2780000-f4080000 rw-p 00000000 00:00 0 
f5680000-100000000 ---p 00000000 00:00 0 
100000000-1002a0000 rw-p 00000000 00:00 0 
1002a0000-140000000 ---p 00000000 00:00 0 
7fb51c000000-7fb51c021000 rw-p 00000000 00:00 0 
7fb51c021000-7fb520000000 ---p 00000000 00:00 0 
7fb520000000-7fb520021000 rw-p 00000000 00:00 0 
7fb520021000-7fb524000000 ---p 00000000 00:00 0 
7fb524000000-7fb524589000 rw-p 00000000 00:00 0 
7fb524589000-7fb528000000 ---p 00000000 00:00 0 
7fb528000000-7fb528262000 rw-p 00000000 00:00 0 
7fb528262000-7fb52c000000 ---p 00000000 00:00 0 
7fb52c000000-7fb52c021000 rw-p 00000000 00:00 0 
7fb52c021000-7fb530000000 ---p 00000000 00:00 0 
7fb530000000-7fb530021000 rw-p 00000000 00:00 0 
7fb530021000-7fb534000000 ---p 00000000 00:00 0 
7fb534000000-7fb53428f000 rw-p 00000000 00:00 0 
7fb53428f000-7fb538000000 ---p 00000000 00:00 0 
7fb538000000-7fb538021000 rw-p 00000000 00:00 0 
7fb538021000-7fb53c000000 ---p 00000000 00:00 0 
7fb53c000000-7fb53c021000 rw-p 00000000 00:00 0 
7fb53c021000-7fb540000000 ---p 00000000 00:00 0 
7fb543868000-7fb544cb8000 rw-p 00000000 00:00 0 
7fb54562a000-7fb54564c000 r--p 00000000 08:01 6951060                    /usr/share/locale-langpack/it/LC_MESSAGES/libc.mo
7fb54564c000-7fb54565d000 r-xp 00000000 08:01 6422901                    /usr/lib/jvm/java-8-oracle/jre/lib/amd64/libnio.so
7fb54565d000-7fb54585c000 ---p 00011000 08:01 6422901                    /usr/lib/jvm/java-8-oracle/jre/lib/amd64/libnio.so
7fb54585c000-7fb54585d000 rw-p 00010000 08:01 6422901                    /usr/lib/jvm/java-8-oracle/jre/lib/amd64/libnio.so
7fb54585d000-7fb54595d000 rw-p 00000000 00:00 0 
7fb54595d000-7fb545a5d000 ---p 00000000 00:00 0 
7fb545a5d000-7fb545a73000 r-xp 00000000 08:01 6422898                    /usr/lib/jvm/java-8-oracle/jre/lib/amd64/libnet.so
7fb545a73000-7fb545c73000 ---p 00016000 08:01 6422898                    /usr/lib/jvm/java-8-oracle/jre/lib/amd64/libnet.so
7fb545c73000-7fb545c74000 rw-p 00016000 08:01 6422898                    /usr/lib/jvm/java-8-oracle/jre/lib/amd64/libnet.so
7fb545c74000-7fb545e74000 rw-p 00000000 00:00 0 
7fb545e74000-7fb545e7d000 r-xp 00000000 08:01 6422906                    /usr/lib/jvm/java-8-oracle/jre/lib/amd64/libmanagement.so
7fb545e7d000-7fb54607c000 ---p 00009000 08:01 6422906                    /usr/lib/jvm/java-8-oracle/jre/lib/amd64/libmanagement.so
7fb54607c000-7fb54607d000 rw-p 00008000 08:01 6422906                    /usr/lib/jvm/java-8-oracle/jre/lib/amd64/libmanagement.so
7fb54607d000-7fb54627d000 rw-p 00000000 00:00 0 
7fb54627d000-7fb5462b6000 rw-p 00000000 00:00 0 
7fb5462b6000-7fb54644b000 r--s 0119c000 08:01 7232621                    /home/paride/apache-storm-1.0.1/lib/storm-core-1.0.1.jar
7fb54644b000-7fb54648c000 r--s 00368000 08:01 7232627                    /home/paride/apache-storm-1.0.1/lib/clojure-1.7.0.jar
7fb54648c000-7fb5464c5000 r--s 00228000 08:01 7232635                    /home/paride/apache-storm-1.0.1/lib/storm-rename-hack-1.0.1.jar
7fb5464c5000-7fb5464c6000 ---p 00000000 00:00 0 
7fb5464c6000-7fb5465c6000 rw-p 00000000 00:00 0 
7fb5465c6000-7fb5465c9000 ---p 00000000 00:00 0 
7fb5465c9000-7fb5466c7000 rw-p 00000000 00:00 0 
7fb5466c7000-7fb5466ca000 ---p 00000000 00:00 0 
7fb5466ca000-7fb5467c8000 rw-p 00000000 00:00 0 
7fb5467c8000-7fb5467cb000 ---p 00000000 00:00 0 
7fb5467cb000-7fb5468c9000 rw-p 00000000 00:00 0 
7fb5468c9000-7fb5468cc000 ---p 00000000 00:00 0 
7fb5468cc000-7fb5469ca000 rw-p 00000000 00:00 0 
7fb5469ca000-7fb5473f4000 r--p 00000000 08:01 6299443                    /usr/lib/locale/locale-archive
7fb5473f4000-7fb5473f7000 ---p 00000000 00:00 0 
7fb5473f7000-7fb5474f5000 rw-p 00000000 00:00 0 
7fb5474f5000-7fb5474f8000 ---p 00000000 00:00 0 
7fb5474f8000-7fb5475f6000 rw-p 00000000 00:00 0 
7fb5475f6000-7fb5475f7000 ---p 00000000 00:00 0 
7fb5475f7000-7fb548000000 rw-p 00000000 00:00 0 
7fb548000000-7fb548026000 rw-p 00000000 00:00 0 
7fb548026000-7fb54c000000 ---p 00000000 00:00 0 
7fb54c00b000-7fb54c012000 r--s 00000000 08:01 6426612                    /usr/lib/x86_64-linux-gnu/gconv/gconv-modules.cache
7fb54c012000-7fb54c01c000 r--s 00116000 08:01 6298591                    /usr/lib/jvm/java-8-oracle/jre/lib/ext/localedata.jar
7fb54c01c000-7fb54c038000 r--s 00393000 08:01 6298584                    /usr/lib/jvm/java-8-oracle/jre/lib/ext/cldrdata.jar
7fb54c038000-7fb54c0c9000 rw-p 00000000 00:00 0 
7fb54c0c9000-7fb54c2a2000 r--s 03d1f000 08:01 6298528                    /usr/lib/jvm/java-8-oracle/jre/lib/rt.jar
7fb54c2a2000-7fb54ccb8000 rw-p 00000000 00:00 0 
7fb54ccb8000-7fb54ccb9000 ---p 00000000 00:00 0 
7fb54ccb9000-7fb54cdb9000 rw-p 00000000 00:00 0 
7fb54cdb9000-7fb54cdba000 ---p 00000000 00:00 0 
7fb54cdba000-7fb54cec8000 rw-p 00000000 00:00 0 
7fb54cec8000-7fb54cf92000 ---p 00000000 00:00 0 
7fb54cf92000-7fb54cfa0000 rw-p 00000000 00:00 0 
7fb54cfa0000-7fb54cfff000 ---p 00000000 00:00 0 
7fb54cfff000-7fb54d000000 rw-p 00000000 00:00 0 
7fb54d000000-7fb54d370000 rwxp 00000000 00:00 0 
7fb54d370000-7fb55c000000 ---p 00000000 00:00 0 
7fb55c000000-7fb55cefe000 rw-p 00000000 00:00 0 
7fb55cefe000-7fb560000000 ---p 00000000 00:00 0 
7fb560002000-7fb560004000 r--s 00009000 08:01 7232626                    /home/paride/apache-storm-1.0.1/lib/objenesis-2.1.jar
7fb560004000-7fb560006000 r--s 00004000 08:01 7232633                    /home/paride/apache-storm-1.0.1/lib/log4j-over-slf4j-1.6.6.jar
7fb560006000-7fb560007000 r--s 00001000 08:01 7232625                    /home/paride/apache-storm-1.0.1/lib/minlog-1.3.0.jar
7fb560007000-7fb560019000 r--s 000b8000 08:01 7232630                    /home/paride/apache-storm-1.0.1/lib/log4j-core-2.1.jar
7fb560019000-7fb56007d000 rw-p 00000000 00:00 0 
7fb56007d000-7fb56042f000 ---p 00000000 00:00 0 
7fb56042f000-7fb560449000 r-xp 00000000 08:01 6422894                    /usr/lib/jvm/java-8-oracle/jre/lib/amd64/libzip.so
7fb560449000-7fb560649000 ---p 0001a000 08:01 6422894                    /usr/lib/jvm/java-8-oracle/jre/lib/amd64/libzip.so
7fb560649000-7fb56064a000 rw-p 0001a000 08:01 6422894                    /usr/lib/jvm/java-8-oracle/jre/lib/amd64/libzip.so
7fb56064a000-7fb560655000 r-xp 00000000 08:01 1577542                    /lib/x86_64-linux-gnu/libnss_files-2.23.so
7fb560655000-7fb560854000 ---p 0000b000 08:01 1577542                    /lib/x86_64-linux-gnu/libnss_files-2.23.so
7fb560854000-7fb560855000 r--p 0000a000 08:01 1577542                    /lib/x86_64-linux-gnu/libnss_files-2.23.so
7fb560855000-7fb560856000 rw-p 0000b000 08:01 1577542                    /lib/x86_64-linux-gnu/libnss_files-2.23.so
7fb560856000-7fb56085c000 rw-p 00000000 00:00 0 
7fb56085c000-7fb560867000 r-xp 00000000 08:01 1577552                    /lib/x86_64-linux-gnu/libnss_nis-2.23.so
7fb560867000-7fb560a66000 ---p 0000b000 08:01 1577552                    /lib/x86_64-linux-gnu/libnss_nis-2.23.so
7fb560a66000-7fb560a67000 r--p 0000a000 08:01 1577552                    /lib/x86_64-linux-gnu/libnss_nis-2.23.so
7fb560a67000-7fb560a68000 rw-p 0000b000 08:01 1577552                    /lib/x86_64-linux-gnu/libnss_nis-2.23.so
7fb560a68000-7fb560a7e000 r-xp 00000000 08:01 1577536                    /lib/x86_64-linux-gnu/libnsl-2.23.so
7fb560a7e000-7fb560c7d000 ---p 00016000 08:01 1577536                    /lib/x86_64-linux-gnu/libnsl-2.23.so
7fb560c7d000-7fb560c7e000 r--p 00015000 08:01 1577536                    /lib/x86_64-linux-gnu/libnsl-2.23.so
7fb560c7e000-7fb560c7f000 rw-p 00016000 08:01 1577536                    /lib/x86_64-linux-gnu/libnsl-2.23.so
7fb560c7f000-7fb560c81000 rw-p 00000000 00:00 0 
7fb560c81000-7fb560c89000 r-xp 00000000 08:01 1577538                    /lib/x86_64-linux-gnu/libnss_compat-2.23.so
7fb560c89000-7fb560e88000 ---p 00008000 08:01 1577538                    /lib/x86_64-linux-gnu/libnss_compat-2.23.so
7fb560e88000-7fb560e89000 r--p 00007000 08:01 1577538                    /lib/x86_64-linux-gnu/libnss_compat-2.23.so
7fb560e89000-7fb560e8a000 rw-p 00008000 08:01 1577538                    /lib/x86_64-linux-gnu/libnss_compat-2.23.so
7fb560e8a000-7fb560eb4000 r-xp 00000000 08:01 6422889                    /usr/lib/jvm/java-8-oracle/jre/lib/amd64/libjava.so
7fb560eb4000-7fb5610b4000 ---p 0002a000 08:01 6422889                    /usr/lib/jvm/java-8-oracle/jre/lib/amd64/libjava.so
7fb5610b4000-7fb5610b6000 rw-p 0002a000 08:01 6422889                    /usr/lib/jvm/java-8-oracle/jre/lib/amd64/libjava.so
7fb5610b6000-7fb5610c3000 r-xp 00000000 08:01 6422893                    /usr/lib/jvm/java-8-oracle/jre/lib/amd64/libverify.so
7fb5610c3000-7fb5612c3000 ---p 0000d000 08:01 6422893                    /usr/lib/jvm/java-8-oracle/jre/lib/amd64/libverify.so
7fb5612c3000-7fb5612c5000 rw-p 0000d000 08:01 6422893                    /usr/lib/jvm/java-8-oracle/jre/lib/amd64/libverify.so
7fb5612c5000-7fb5612cc000 r-xp 00000000 08:01 1577597                    /lib/x86_64-linux-gnu/librt-2.23.so
7fb5612cc000-7fb5614cb000 ---p 00007000 08:01 1577597                    /lib/x86_64-linux-gnu/librt-2.23.so
7fb5614cb000-7fb5614cc000 r--p 00006000 08:01 1577597                    /lib/x86_64-linux-gnu/librt-2.23.so
7fb5614cc000-7fb5614cd000 rw-p 00007000 08:01 1577597                    /lib/x86_64-linux-gnu/librt-2.23.so
7fb5614cd000-7fb5615d5000 r-xp 00000000 08:01 1577513                    /lib/x86_64-linux-gnu/libm-2.23.so
7fb5615d5000-7fb5617d4000 ---p 00108000 08:01 1577513                    /lib/x86_64-linux-gnu/libm-2.23.so
7fb5617d4000-7fb5617d5000 r--p 00107000 08:01 1577513                    /lib/x86_64-linux-gnu/libm-2.23.so
7fb5617d5000-7fb5617d6000 rw-p 00108000 08:01 1577513                    /lib/x86_64-linux-gnu/libm-2.23.so
7fb5617d6000-7fb562496000 r-xp 00000000 08:01 6422872                    /usr/lib/jvm/java-8-oracle/jre/lib/amd64/server/libjvm.so
7fb562496000-7fb562696000 ---p 00cc0000 08:01 6422872                    /usr/lib/jvm/java-8-oracle/jre/lib/amd64/server/libjvm.so
7fb562696000-7fb56276e000 rw-p 00cc0000 08:01 6422872                    /usr/lib/jvm/java-8-oracle/jre/lib/amd64/server/libjvm.so
7fb56276e000-7fb5627b9000 rw-p 00000000 00:00 0 
7fb5627b9000-7fb562979000 r-xp 00000000 08:01 1577443                    /lib/x86_64-linux-gnu/libc-2.23.so
7fb562979000-7fb562b78000 ---p 001c0000 08:01 1577443                    /lib/x86_64-linux-gnu/libc-2.23.so
7fb562b78000-7fb562b7c000 r--p 001bf000 08:01 1577443                    /lib/x86_64-linux-gnu/libc-2.23.so
7fb562b7c000-7fb562b7e000 rw-p 001c3000 08:01 1577443                    /lib/x86_64-linux-gnu/libc-2.23.so
7fb562b7e000-7fb562b82000 rw-p 00000000 00:00 0 
7fb562b82000-7fb562b85000 r-xp 00000000 08:01 1577467                    /lib/x86_64-linux-gnu/libdl-2.23.so
7fb562b85000-7fb562d84000 ---p 00003000 08:01 1577467                    /lib/x86_64-linux-gnu/libdl-2.23.so
7fb562d84000-7fb562d85000 r--p 00002000 08:01 1577467                    /lib/x86_64-linux-gnu/libdl-2.23.so
7fb562d85000-7fb562d86000 rw-p 00003000 08:01 1577467                    /lib/x86_64-linux-gnu/libdl-2.23.so
7fb562d86000-7fb562d9b000 r-xp 00000000 08:01 6422867                    /usr/lib/jvm/java-8-oracle/jre/lib/amd64/jli/libjli.so
7fb562d9b000-7fb562f9b000 ---p 00015000 08:01 6422867                    /usr/lib/jvm/java-8-oracle/jre/lib/amd64/jli/libjli.so
7fb562f9b000-7fb562f9c000 rw-p 00015000 08:01 6422867                    /usr/lib/jvm/java-8-oracle/jre/lib/amd64/jli/libjli.so
7fb562f9c000-7fb562fb4000 r-xp 00000000 08:01 1577589                    /lib/x86_64-linux-gnu/libpthread-2.23.so
7fb562fb4000-7fb5631b3000 ---p 00018000 08:01 1577589                    /lib/x86_64-linux-gnu/libpthread-2.23.so
7fb5631b3000-7fb5631b4000 r--p 00017000 08:01 1577589                    /lib/x86_64-linux-gnu/libpthread-2.23.so
7fb5631b4000-7fb5631b5000 rw-p 00018000 08:01 1577589                    /lib/x86_64-linux-gnu/libpthread-2.23.so
7fb5631b5000-7fb5631b9000 rw-p 00000000 00:00 0 
7fb5631b9000-7fb5631df000 r-xp 00000000 08:01 1577415                    /lib/x86_64-linux-gnu/ld-2.23.so
7fb5631df000-7fb5631e1000 r--s 00018000 08:01 7232634                    /home/paride/apache-storm-1.0.1/lib/servlet-api-2.5.jar
7fb5631e1000-7fb5631e4000 r--s 0001e000 08:01 7232629                    /home/paride/apache-storm-1.0.1/lib/log4j-api-2.1.jar
7fb5631e4000-7fb5631ea000 r--s 00040000 08:01 7232622                    /home/paride/apache-storm-1.0.1/lib/kryo-3.0.3.jar
7fb5631ea000-7fb5631f8000 rw-p 00000000 00:00 0 
7fb5631f8000-7fb5632c3000 ---p 00000000 00:00 0 
7fb5632c3000-7fb5632c6000 ---p 00000000 00:00 0 
7fb5632c6000-7fb5633c8000 rw-p 00000000 00:00 0 
7fb5633c8000-7fb5633ca000 r--s 00004000 08:01 7232631                    /home/paride/apache-storm-1.0.1/lib/log4j-slf4j-impl-2.1.jar
7fb5633ca000-7fb5633cb000 r--s 0000c000 08:01 7232624                    /home/paride/apache-storm-1.0.1/lib/asm-5.0.3.jar
7fb5633cb000-7fb5633cd000 r--s 00006000 08:01 7232632                    /home/paride/apache-storm-1.0.1/lib/slf4j-api-1.7.7.jar
7fb5633cd000-7fb5633cf000 r--s 00004000 08:01 7232623                    /home/paride/apache-storm-1.0.1/lib/reflectasm-1.10.1.jar
7fb5633cf000-7fb5633d2000 r--s 00011000 08:01 7232628                    /home/paride/apache-storm-1.0.1/lib/disruptor-3.3.2.jar
7fb5633d2000-7fb5633da000 rw-s 00000000 08:01 4325395                    /tmp/hsperfdata_paride/18006
7fb5633da000-7fb5633db000 rw-p 00000000 00:00 0 
7fb5633db000-7fb5633dc000 ---p 00000000 00:00 0 
7fb5633dc000-7fb5633de000 rw-p 00000000 00:00 0 
7fb5633de000-7fb5633df000 r--p 00025000 08:01 1577415                    /lib/x86_64-linux-gnu/ld-2.23.so
7fb5633df000-7fb5633e0000 rw-p 00026000 08:01 1577415                    /lib/x86_64-linux-gnu/ld-2.23.so
7fb5633e0000-7fb5633e1000 rw-p 00000000 00:00 0 
7ffccfcfa000-7ffccfd1b000 rw-p 00000000 00:00 0                          [stack]
7ffccfdda000-7ffccfddc000 r--p 00000000 00:00 0                          [vvar]
7ffccfddc000-7ffccfdde000 r-xp 00000000 00:00 0                          [vdso]
ffffffffff600000-ffffffffff601000 r-xp 00000000 00:00 0                  [vsyscall]

VM Arguments:
jvm_args: -Dstorm.options= -Dstorm.conf.file= 
java_command: org.apache.storm.command.config_value storm.log.dir
java_class_path (initial): /home/paride/apache-storm-1.0.1/lib/disruptor-3.3.2.jar:/home/paride/apache-storm-1.0.1/lib/reflectasm-1.10.1.jar:/home/paride/apache-storm-1.0.1/lib/slf4j-api-1.7.7.jar:/home/paride/apache-storm-1.0.1/lib/kryo-3.0.3.jar:/home/paride/apache-storm-1.0.1/lib/asm-5.0.3.jar:/home/paride/apache-storm-1.0.1/lib/log4j-slf4j-impl-2.1.jar:/home/paride/apache-storm-1.0.1/lib/storm-rename-hack-1.0.1.jar:/home/paride/apache-storm-1.0.1/lib/log4j-api-2.1.jar:/home/paride/apache-storm-1.0.1/lib/log4j-core-2.1.jar:/home/paride/apache-storm-1.0.1/lib/clojure-1.7.0.jar:/home/paride/apache-storm-1.0.1/lib/storm-core-1.0.1.jar:/home/paride/apache-storm-1.0.1/lib/servlet-api-2.5.jar:/home/paride/apache-storm-1.0.1/lib/minlog-1.3.0.jar:/home/paride/apache-storm-1.0.1/lib/log4j-over-slf4j-1.6.6.jar:/home/paride/apache-storm-1.0.1/lib/objenesis-2.1.jar:/home/paride/apache-storm-1.0.1/conf
Launcher Type: SUN_STANDARD

Environment Variables:
PATH=/usr/local/sbin:/usr/local/bin:/usr/sbin:/usr/bin:/sbin:/bin:/usr/games:/usr/local/games:/snap/bin
SHELL=/bin/bash
DISPLAY=:0.0

Signal Handlers:
SIGSEGV: [libjvm.so+0xabca10], sa_mask[0]=11111111011111111101111111111110, sa_flags=SA_RESTART|SA_SIGINFO
SIGBUS: [libjvm.so+0xabca10], sa_mask[0]=11111111011111111101111111111110, sa_flags=SA_RESTART|SA_SIGINFO
SIGFPE: [libjvm.so+0x919a20], sa_mask[0]=11111111011111111101111111111110, sa_flags=SA_RESTART|SA_SIGINFO
SIGPIPE: [libjvm.so+0x919a20], sa_mask[0]=11111111011111111101111111111110, sa_flags=SA_RESTART|SA_SIGINFO
SIGXFSZ: [libjvm.so+0x919a20], sa_mask[0]=11111111011111111101111111111110, sa_flags=SA_RESTART|SA_SIGINFO
SIGILL: [libjvm.so+0x919a20], sa_mask[0]=11111111011111111101111111111110, sa_flags=SA_RESTART|SA_SIGINFO
SIGUSR1: SIG_DFL, sa_mask[0]=00000000000000000000000000000000, sa_flags=none
SIGUSR2: [libjvm.so+0x91b050], sa_mask[0]=00100000000000000000000000000000, sa_flags=SA_RESTART|SA_SIGINFO
SIGHUP: [libjvm.so+0x91c450], sa_mask[0]=11111111011111111101111111111110, sa_flags=SA_RESTART|SA_SIGINFO
SIGINT: [libjvm.so+0x91c450], sa_mask[0]=11111111011111111101111111111110, sa_flags=SA_RESTART|SA_SIGINFO
SIGTERM: [libjvm.so+0x91c450], sa_mask[0]=11111111011111111101111111111110, sa_flags=SA_RESTART|SA_SIGINFO
SIGQUIT: [libjvm.so+0x91c450], sa_mask[0]=11111111011111111101111111111110, sa_flags=SA_RESTART|SA_SIGINFO


---------------  S Y S T E M  ---------------

OS:DISTRIB_ID=Ubuntu
DISTRIB_RELEASE=16.04
DISTRIB_CODENAME=xenial
DISTRIB_DESCRIPTION="Ubuntu 16.04 LTS"

uname:Linux 4.4.0-28-generic #47-Ubuntu SMP Fri Jun 24 10:09:13 UTC 2016 x86_64
libc:glibc 2.23 NPTL 2.23 
rlimit: STACK 8192k, CORE 0k, NPROC 10233, NOFILE 65536, AS infinity
load average:92,92 46,29 19,67

/proc/meminfo:
MemTotal:        2658676 kB
MemFree:          413820 kB
MemAvailable:     371092 kB
Buffers:            1900 kB
Cached:            45708 kB
SwapCached:        19792 kB
Active:          1518416 kB
Inactive:         581188 kB
Active(anon):    1500840 kB
Inactive(anon):   552228 kB
Active(file):      17576 kB
Inactive(file):    28960 kB
Unevictable:           0 kB
Mlocked:               0 kB
SwapTotal:       3448828 kB
SwapFree:         815564 kB
Dirty:               604 kB
Writeback:             0 kB
AnonPages:       2032972 kB
Mapped:            34524 kB
Shmem:               968 kB
Slab:              54600 kB
SReclaimable:      23492 kB
SUnreclaim:        31108 kB
KernelStack:       16096 kB
PageTables:        44372 kB
NFS_Unstable:          0 kB
Bounce:                0 kB
WritebackTmp:          0 kB
CommitLimit:     4778164 kB
Committed_AS:    8633468 kB
VmallocTotal:   34359738367 kB
VmallocUsed:           0 kB
VmallocChunk:          0 kB
HardwareCorrupted:     0 kB
AnonHugePages:    163840 kB
CmaTotal:              0 kB
CmaFree:               0 kB
HugePages_Total:       0
HugePages_Free:        0
HugePages_Rsvd:        0
HugePages_Surp:        0
Hugepagesize:       2048 kB
DirectMap4k:       73664 kB
DirectMap2M:     2643968 kB


CPU:total 2 (2 cores per cpu, 1 threads per core) family 6 model 37 stepping 5, cmov, cx8, fxsr, mmx, sse, sse2, sse3, ssse3, sse4.1, sse4.2, popcnt, aes, clmul, tsc, tscinvbit

/proc/cpuinfo:
processor	: 0
vendor_id	: GenuineIntel
cpu family	: 6
model		: 37
model name	: Intel(R) Core(TM) i7 CPU       M 620  @ 2.67GHz
stepping	: 5
microcode	: 0x616
cpu MHz		: 2659.962
cache size	: 4096 KB
physical id	: 0
siblings	: 2
core id		: 0
cpu cores	: 2
apicid		: 0
initial apicid	: 0
fpu		: yes
fpu_exception	: yes
cpuid level	: 11
wp		: yes
flags		: fpu vme de pse tsc msr pae mce cx8 apic sep mtrr pge mca cmov pat pse36 clflush mmx fxsr sse sse2 ht syscall nx rdtscp lm constant_tsc rep_good nopl xtopology nonstop_tsc pni pclmulqdq ssse3 cx16 sse4_1 sse4_2 popcnt aes hypervisor lahf_lm
bugs		:
bogomips	: 5319.92
clflush size	: 64
cache_alignment	: 64
address sizes	: 36 bits physical, 48 bits virtual
power management:

processor	: 1
vendor_id	: GenuineIntel
cpu family	: 6
model		: 37
model name	: Intel(R) Core(TM) i7 CPU       M 620  @ 2.67GHz
stepping	: 5
microcode	: 0x616
cpu MHz		: 2659.962
cache size	: 4096 KB
physical id	: 0
siblings	: 2
core id		: 1
cpu cores	: 2
apicid		: 1
initial apicid	: 1
fpu		: yes
fpu_exception	: yes
cpuid level	: 11
wp		: yes
flags		: fpu vme de pse tsc msr pae mce cx8 apic sep mtrr pge mca cmov pat pse36 clflush mmx fxsr sse sse2 ht syscall nx rdtscp lm constant_tsc rep_good nopl xtopology nonstop_tsc pni pclmulqdq ssse3 cx16 sse4_1 sse4_2 popcnt aes hypervisor lahf_lm
bugs		:
bogomips	: 5319.92
clflush size	: 64
cache_alignment	: 64
address sizes	: 36 bits physical, 48 bits virtual
power management:



Memory: 4k page, physical 2658676k(413820k free), swap 3448828k(815580k free)

vm_info: Java HotSpot(TM) 64-Bit Server VM (25.91-b14) for linux-amd64 JRE (1.8.0_91-b14), built on Apr  1 2016 00:57:21 by "java_re" with gcc 4.3.0 20080428 (Red Hat 4.3.0-8)

time: Tue Jun 28 20:11:08 2016
elapsed time: 234 seconds (0d 0h 3m 54s)

